<?xml version="1.0" encoding="UTF-8"?>
<testsuite name="com.etsmtl.codecrusade.runner.JavaRunnerTest" tests="1" skipped="0" failures="0" errors="0" timestamp="2018-10-04T17:06:54" hostname="PC_DE_GDF" time="1.402">
  <properties/>
  <testcase name="testHappyPath" classname="com.etsmtl.codecrusade.runner.JavaRunnerTest" time="1.402"/>
  <system-out><![CDATA[]]></system-out>
  <system-err><![CDATA[Oct 04, 2018 1:06:54 PM org.hibernate.validator.internal.util.Version <clinit>
INFO: HV000001: Hibernate Validator 6.0.13.Final
]]></system-err>
</testsuite>
